d:\code\glame-boy_\x64\debug\vc143.pdb
d:\code\glame-boy_\x64\debug\vc143.idb
d:\code\glame-boy_\x64\debug\main.obj
d:\code\glame-boy_\x64\debug\glame-boy_.pdb
d:\code\glame-boy_\x64\debug\glame-boy_.tlog\cl.command.1.tlog
d:\code\glame-boy_\x64\debug\glame-boy_.tlog\cl.read.1.tlog
d:\code\glame-boy_\x64\debug\glame-boy_.tlog\cl.write.1.tlog
d:\code\glame-boy_\x64\debug\glame-boy_.tlog\link-cvtres.read.1.tlog
d:\code\glame-boy_\x64\debug\glame-boy_.tlog\link-cvtres.write.1.tlog
d:\code\glame-boy_\x64\debug\glame-boy_.tlog\link-rc.read.1.tlog
d:\code\glame-boy_\x64\debug\glame-boy_.tlog\link-rc.write.1.tlog
d:\code\glame-boy_\x64\debug\glame-boy_.tlog\link.21892-cvtres.read.1.tlog
d:\code\glame-boy_\x64\debug\glame-boy_.tlog\link.21892-cvtres.write.1.tlog
d:\code\glame-boy_\x64\debug\glame-boy_.tlog\link.21892-rc.read.1.tlog
d:\code\glame-boy_\x64\debug\glame-boy_.tlog\link.21892-rc.write.1.tlog
d:\code\glame-boy_\x64\debug\glame-boy_.tlog\link.21892.read.1.tlog
d:\code\glame-boy_\x64\debug\glame-boy_.tlog\link.21892.read.2.tlog
d:\code\glame-boy_\x64\debug\glame-boy_.tlog\link.21892.write.1.tlog
d:\code\glame-boy_\x64\debug\glame-boy_.tlog\link.command.1.tlog
d:\code\glame-boy_\x64\debug\glame-boy_.tlog\link.read.1.tlog
d:\code\glame-boy_\x64\debug\glame-boy_.tlog\link.read.2.tlog
d:\code\glame-boy_\x64\debug\glame-boy_.tlog\link.write.1.tlog
